<?xml version="1.0" encoding="UTF-8"?>
<testng-results skipped="0" failed="0" ignored="0" total="1" passed="1">
  <reporter-output>
  </reporter-output>
  <suite name="Default suite" duration-ms="39337" started-at="2020-02-25T12:25:17Z" finished-at="2020-02-25T12:25:57Z">
    <groups>
    </groups>
    <test name="Default test" duration-ms="39337" started-at="2020-02-25T12:25:17Z" finished-at="2020-02-25T12:25:57Z">
      <class name="com.demo.selenium.MyTest">
        <test-method status="PASS" signature="verifyHomepageTitle()[pri:0, instance:com.demo.selenium.MyTest@482f8f11]" name="verifyHomepageTitle" duration-ms="39246" started-at="2020-02-25T12:25:17Z" finished-at="2020-02-25T12:25:57Z">
          <reporter-output>
          </reporter-output>
        </test-method> <!-- verifyHomepageTitle -->
      </class> <!-- com.demo.selenium.MyTest -->
    </test> <!-- Default test -->
  </suite> <!-- Default suite -->
</testng-results>
