<?xml version="1.0" encoding="UTF-8"?>
<testng-results skipped="0" failed="0" ignored="0" total="3" passed="3">
  <reporter-output>
  </reporter-output>
  <suite name="Default suite" duration-ms="121" started-at="2020-02-26T09:45:08Z" finished-at="2020-02-26T09:45:08Z">
    <groups>
    </groups>
    <test name="Default test" duration-ms="121" started-at="2020-02-26T09:45:08Z" finished-at="2020-02-26T09:45:08Z">
      <class name="com.demo.selenium.MyTest">
        <test-method status="PASS" signature="testOne()[pri:0, instance:com.demo.selenium.MyTest@77caeb3e]" name="testOne" duration-ms="25" started-at="2020-02-26T09:45:08Z" finished-at="2020-02-26T09:45:08Z">
          <reporter-output>
          </reporter-output>
        </test-method> <!-- testOne -->
        <test-method status="PASS" signature="testThree()[pri:0, instance:com.demo.selenium.MyTest@77caeb3e]" name="testThree" duration-ms="4" started-at="2020-02-26T09:45:08Z" finished-at="2020-02-26T09:45:08Z">
          <reporter-output>
          </reporter-output>
        </test-method> <!-- testThree -->
        <test-method status="PASS" signature="testTwo()[pri:0, instance:com.demo.selenium.MyTest@77caeb3e]" name="testTwo" duration-ms="2" started-at="2020-02-26T09:45:08Z" finished-at="2020-02-26T09:45:08Z">
          <reporter-output>
          </reporter-output>
        </test-method> <!-- testTwo -->
      </class> <!-- com.demo.selenium.MyTest -->
    </test> <!-- Default test -->
  </suite> <!-- Default suite -->
</testng-results>
